<?xml version="1.0" encoding="UTF-8"?>
<!-- Generated by org.testng.reporters.JUnitXMLReporter -->
<testsuite ignored="1" hostname="LAP-IN-NOUS8" failures="0" tests="1" name="Default test" time="30.867" errors="0" timestamp="2023-07-14T19:00:54 IST">
  <testcase classname="testcase1.Login" name="Loginwithvalidcredentials" time="0.958"/>
  <testcase classname="testcase1.Login" name="Loginwithonlyinvalidcredentials" time="0.0">
    <ignored/>
  </testcase> <!-- Loginwithonlyinvalidcredentials -->
</testsuite> <!-- Default test -->
