<?xml version="1.0" encoding="UTF-8"?>
<testng-results ignored="0" total="1" passed="1" failed="0" skipped="0">
  <reporter-output>
  </reporter-output>
  <suite started-at="2023-07-14T19:00:23 IST" name="Default suite" finished-at="2023-07-14T19:00:54 IST" duration-ms="30867">
    <groups>
    </groups>
    <test started-at="2023-07-14T19:00:23 IST" name="Default test" finished-at="2023-07-14T19:00:54 IST" duration-ms="30867">
      <class name="testcase1.Login">
        <test-method is-config="true" signature="setup()[pri:0, instance:testcase1.Login@3c19aaa5]" started-at="2023-07-14T19:00:23 IST" name="setup" finished-at="2023-07-14T19:00:52 IST" duration-ms="29380" status="PASS">
          <reporter-output>
          </reporter-output>
        </test-method> <!-- setup -->
        <test-method signature="Loginwithvalidcredentials()[pri:2, instance:testcase1.Login@3c19aaa5]" started-at="2023-07-14T19:00:52 IST" name="Loginwithvalidcredentials" finished-at="2023-07-14T19:00:53 IST" duration-ms="958" status="PASS">
          <reporter-output>
          </reporter-output>
        </test-method> <!-- Loginwithvalidcredentials -->
        <test-method is-config="true" signature="tearDown()[pri:0, instance:testcase1.Login@3c19aaa5]" started-at="2023-07-14T19:00:53 IST" name="tearDown" finished-at="2023-07-14T19:00:54 IST" duration-ms="451" status="PASS">
          <reporter-output>
          </reporter-output>
        </test-method> <!-- tearDown -->
      </class> <!-- testcase1.Login -->
    </test> <!-- Default test -->
  </suite> <!-- Default suite -->
</testng-results>
